ERROR 2025-08-21 18:29:28,621 redis Connection to Redis lost: Retry (0/20) now.
ERROR 2025-08-21 18:29:32,788 redis Connection to Redis lost: Retry (1/20) in 1.00 second.
ERROR 2025-08-21 18:29:37,858 redis Connection to Redis lost: Retry (2/20) in 1.00 second.
ERROR 2025-08-21 18:29:42,950 redis Connection to Redis lost: Retry (3/20) in 1.00 second.
ERROR 2025-08-21 18:29:48,024 redis Connection to Redis lost: Retry (4/20) in 1.00 second.
ERROR 2025-08-21 18:29:53,096 redis Connection to Redis lost: Retry (5/20) in 1.00 second.
ERROR 2025-08-21 18:29:58,142 redis Connection to Redis lost: Retry (6/20) in 1.00 second.
ERROR 2025-08-21 18:30:03,203 redis Connection to Redis lost: Retry (7/20) in 1.00 second.
ERROR 2025-08-21 18:30:08,264 redis Connection to Redis lost: Retry (8/20) in 1.00 second.
ERROR 2025-08-21 18:30:13,394 redis Connection to Redis lost: Retry (9/20) in 1.00 second.
ERROR 2025-08-21 18:30:18,448 redis Connection to Redis lost: Retry (10/20) in 1.00 second.
ERROR 2025-08-21 18:30:23,549 redis Connection to Redis lost: Retry (11/20) in 1.00 second.
ERROR 2025-08-21 18:30:28,629 redis Connection to Redis lost: Retry (12/20) in 1.00 second.
ERROR 2025-08-21 18:30:34,008 redis Connection to Redis lost: Retry (13/20) in 1.00 second.
ERROR 2025-08-21 18:30:39,806 redis Connection to Redis lost: Retry (14/20) in 1.00 second.
ERROR 2025-08-21 18:30:45,508 redis Connection to Redis lost: Retry (15/20) in 1.00 second.
ERROR 2025-08-21 18:30:50,572 redis Connection to Redis lost: Retry (16/20) in 1.00 second.
ERROR 2025-08-21 18:30:55,657 redis Connection to Redis lost: Retry (17/20) in 1.00 second.
ERROR 2025-08-21 18:31:00,697 redis Connection to Redis lost: Retry (18/20) in 1.00 second.
ERROR 2025-08-21 18:31:05,758 redis Connection to Redis lost: Retry (19/20) in 1.00 second.
CRITICAL 2025-08-21 18:31:10,803 redis 
Retry limit exceeded while trying to reconnect to the Celery redis result store backend. The Celery application must be restarted.

ERROR 2025-09-23 21:30:21,293 signal Signal handler <promise@0x1e6e0e4d8b0 --> <bound method Celery._autodiscover_tasks of <Celery autotask_backend at 0x1e6e0e16210>>> raised: NameError("name 'receiver' is not defined")
Traceback (most recent call last):
  File "C:\Users\Ary\Documents\ejempy\autotask_backend\venv\Lib\site-packages\celery\utils\dispatch\signal.py", line 276, in send
    response = receiver(signal=self, sender=sender, **named)
               ^^^^^^^^^^^^^^^^^^^^^^^^^^^^^^^^^^^^^^^^^^^^^
  File "C:\Users\Ary\Documents\ejempy\autotask_backend\venv\Lib\site-packages\vine\promises.py", line 161, in __call__
    return self.throw()
           ^^^^^^^^^^^^
  File "C:\Users\Ary\Documents\ejempy\autotask_backend\venv\Lib\site-packages\vine\promises.py", line 158, in __call__
    retval = fun(*final_args, **final_kwargs)
             ^^^^^^^^^^^^^^^^^^^^^^^^^^^^^^^^
  File "C:\Users\Ary\Documents\ejempy\autotask_backend\venv\Lib\site-packages\celery\app\base.py", line 691, in _autodiscover_tasks
    return self._autodiscover_tasks_from_fixups(related_name)
           ^^^^^^^^^^^^^^^^^^^^^^^^^^^^^^^^^^^^^^^^^^^^^^^^^^
  File "C:\Users\Ary\Documents\ejempy\autotask_backend\venv\Lib\site-packages\celery\app\base.py", line 700, in _autodiscover_tasks_from_fixups
    return self._autodiscover_tasks_from_names([
           ^^^^^^^^^^^^^^^^^^^^^^^^^^^^^^^^^^^^^
  File "C:\Users\Ary\Documents\ejempy\autotask_backend\venv\Lib\site-packages\celery\app\base.py", line 695, in _autodiscover_tasks_from_names
    return self.loader.autodiscover_tasks(
           ^^^^^^^^^^^^^^^^^^^^^^^^^^^^^^^
  File "C:\Users\Ary\Documents\ejempy\autotask_backend\venv\Lib\site-packages\celery\loaders\base.py", line 220, in autodiscover_tasks
    mod.__name__ for mod in autodiscover_tasks(packages or (),
                            ^^^^^^^^^^^^^^^^^^^^^^^^^^^^^^^^^^
  File "C:\Users\Ary\Documents\ejempy\autotask_backend\venv\Lib\site-packages\celery\loaders\base.py", line 246, in autodiscover_tasks
    return [find_related_module(pkg, related_name) for pkg in packages]
           ^^^^^^^^^^^^^^^^^^^^^^^^^^^^^^^^^^^^^^^^^^^^^^^^^^^^^^^^^^^^
  File "C:\Users\Ary\Documents\ejempy\autotask_backend\venv\Lib\site-packages\celery\loaders\base.py", line 246, in <listcomp>
    return [find_related_module(pkg, related_name) for pkg in packages]
            ^^^^^^^^^^^^^^^^^^^^^^^^^^^^^^^^^^^^^^
  File "C:\Users\Ary\Documents\ejempy\autotask_backend\venv\Lib\site-packages\celery\loaders\base.py", line 267, in find_related_module
    return importlib.import_module(module_name)
           ^^^^^^^^^^^^^^^^^^^^^^^^^^^^^^^^^^^^
  File "C:\Program Files\WindowsApps\PythonSoftwareFoundation.Python.3.11_3.11.2544.0_x64__qbz5n2kfra8p0\Lib\importlib\__init__.py", line 126, in import_module
    return _bootstrap._gcd_import(name[level:], package, level)
           ^^^^^^^^^^^^^^^^^^^^^^^^^^^^^^^^^^^^^^^^^^^^^^^^^^^^
  File "<frozen importlib._bootstrap>", line 1204, in _gcd_import
  File "<frozen importlib._bootstrap>", line 1176, in _find_and_load
  File "<frozen importlib._bootstrap>", line 1147, in _find_and_load_unlocked
  File "<frozen importlib._bootstrap>", line 690, in _load_unlocked
  File "<frozen importlib._bootstrap_external>", line 940, in exec_module
  File "<frozen importlib._bootstrap>", line 241, in _call_with_frames_removed
  File "C:\Users\Ary\Documents\import_git\maintech_backend\api\tasks.py", line 133, in <module>
    @receiver(post_save, sender=IncidenciaReunion)
     ^^^^^^^^
NameError: name 'receiver' is not defined
ERROR 2025-09-23 21:34:57,486 signal Signal handler <promise@0x2618d44d8b0 --> <bound method Celery._autodiscover_tasks of <Celery autotask_backend at 0x2618d41ea90>>> raised: NameError("name 'receiver' is not defined")
Traceback (most recent call last):
  File "C:\Users\Ary\Documents\ejempy\autotask_backend\venv\Lib\site-packages\celery\utils\dispatch\signal.py", line 276, in send
    response = receiver(signal=self, sender=sender, **named)
               ^^^^^^^^^^^^^^^^^^^^^^^^^^^^^^^^^^^^^^^^^^^^^
  File "C:\Users\Ary\Documents\ejempy\autotask_backend\venv\Lib\site-packages\vine\promises.py", line 161, in __call__
    return self.throw()
           ^^^^^^^^^^^^
  File "C:\Users\Ary\Documents\ejempy\autotask_backend\venv\Lib\site-packages\vine\promises.py", line 158, in __call__
    retval = fun(*final_args, **final_kwargs)
             ^^^^^^^^^^^^^^^^^^^^^^^^^^^^^^^^
  File "C:\Users\Ary\Documents\ejempy\autotask_backend\venv\Lib\site-packages\celery\app\base.py", line 691, in _autodiscover_tasks
    return self._autodiscover_tasks_from_fixups(related_name)
           ^^^^^^^^^^^^^^^^^^^^^^^^^^^^^^^^^^^^^^^^^^^^^^^^^^
  File "C:\Users\Ary\Documents\ejempy\autotask_backend\venv\Lib\site-packages\celery\app\base.py", line 700, in _autodiscover_tasks_from_fixups
    return self._autodiscover_tasks_from_names([
           ^^^^^^^^^^^^^^^^^^^^^^^^^^^^^^^^^^^^^
  File "C:\Users\Ary\Documents\ejempy\autotask_backend\venv\Lib\site-packages\celery\app\base.py", line 695, in _autodiscover_tasks_from_names
    return self.loader.autodiscover_tasks(
           ^^^^^^^^^^^^^^^^^^^^^^^^^^^^^^^
  File "C:\Users\Ary\Documents\ejempy\autotask_backend\venv\Lib\site-packages\celery\loaders\base.py", line 220, in autodiscover_tasks
    mod.__name__ for mod in autodiscover_tasks(packages or (),
                            ^^^^^^^^^^^^^^^^^^^^^^^^^^^^^^^^^^
  File "C:\Users\Ary\Documents\ejempy\autotask_backend\venv\Lib\site-packages\celery\loaders\base.py", line 246, in autodiscover_tasks
    return [find_related_module(pkg, related_name) for pkg in packages]
           ^^^^^^^^^^^^^^^^^^^^^^^^^^^^^^^^^^^^^^^^^^^^^^^^^^^^^^^^^^^^
  File "C:\Users\Ary\Documents\ejempy\autotask_backend\venv\Lib\site-packages\celery\loaders\base.py", line 246, in <listcomp>
    return [find_related_module(pkg, related_name) for pkg in packages]
            ^^^^^^^^^^^^^^^^^^^^^^^^^^^^^^^^^^^^^^
  File "C:\Users\Ary\Documents\ejempy\autotask_backend\venv\Lib\site-packages\celery\loaders\base.py", line 267, in find_related_module
    return importlib.import_module(module_name)
           ^^^^^^^^^^^^^^^^^^^^^^^^^^^^^^^^^^^^
  File "C:\Program Files\WindowsApps\PythonSoftwareFoundation.Python.3.11_3.11.2544.0_x64__qbz5n2kfra8p0\Lib\importlib\__init__.py", line 126, in import_module
    return _bootstrap._gcd_import(name[level:], package, level)
           ^^^^^^^^^^^^^^^^^^^^^^^^^^^^^^^^^^^^^^^^^^^^^^^^^^^^
  File "<frozen importlib._bootstrap>", line 1204, in _gcd_import
  File "<frozen importlib._bootstrap>", line 1176, in _find_and_load
  File "<frozen importlib._bootstrap>", line 1147, in _find_and_load_unlocked
  File "<frozen importlib._bootstrap>", line 690, in _load_unlocked
  File "<frozen importlib._bootstrap_external>", line 940, in exec_module
  File "<frozen importlib._bootstrap>", line 241, in _call_with_frames_removed
  File "C:\Users\Ary\Documents\import_git\maintech_backend\api\tasks.py", line 133, in <module>
    @receiver(post_save, sender=IncidenciaReunion)
     ^^^^^^^^
NameError: name 'receiver' is not defined
ERROR 2025-09-23 21:36:55,568 signal Signal handler <promise@0x1ff2f94d8b0 --> <bound method Celery._autodiscover_tasks of <Celery autotask_backend at 0x1ff2f91ea90>>> raised: NameError("name 'IncidenciaReunion' is not defined")
Traceback (most recent call last):
  File "C:\Users\Ary\Documents\ejempy\autotask_backend\venv\Lib\site-packages\celery\utils\dispatch\signal.py", line 276, in send
    response = receiver(signal=self, sender=sender, **named)
               ^^^^^^^^^^^^^^^^^^^^^^^^^^^^^^^^^^^^^^^^^^^^^
  File "C:\Users\Ary\Documents\ejempy\autotask_backend\venv\Lib\site-packages\vine\promises.py", line 161, in __call__
    return self.throw()
           ^^^^^^^^^^^^
  File "C:\Users\Ary\Documents\ejempy\autotask_backend\venv\Lib\site-packages\vine\promises.py", line 158, in __call__
    retval = fun(*final_args, **final_kwargs)
             ^^^^^^^^^^^^^^^^^^^^^^^^^^^^^^^^
  File "C:\Users\Ary\Documents\ejempy\autotask_backend\venv\Lib\site-packages\celery\app\base.py", line 691, in _autodiscover_tasks
    return self._autodiscover_tasks_from_fixups(related_name)
           ^^^^^^^^^^^^^^^^^^^^^^^^^^^^^^^^^^^^^^^^^^^^^^^^^^
  File "C:\Users\Ary\Documents\ejempy\autotask_backend\venv\Lib\site-packages\celery\app\base.py", line 700, in _autodiscover_tasks_from_fixups
    return self._autodiscover_tasks_from_names([
           ^^^^^^^^^^^^^^^^^^^^^^^^^^^^^^^^^^^^^
  File "C:\Users\Ary\Documents\ejempy\autotask_backend\venv\Lib\site-packages\celery\app\base.py", line 695, in _autodiscover_tasks_from_names
    return self.loader.autodiscover_tasks(
           ^^^^^^^^^^^^^^^^^^^^^^^^^^^^^^^
  File "C:\Users\Ary\Documents\ejempy\autotask_backend\venv\Lib\site-packages\celery\loaders\base.py", line 220, in autodiscover_tasks
    mod.__name__ for mod in autodiscover_tasks(packages or (),
                            ^^^^^^^^^^^^^^^^^^^^^^^^^^^^^^^^^^
  File "C:\Users\Ary\Documents\ejempy\autotask_backend\venv\Lib\site-packages\celery\loaders\base.py", line 246, in autodiscover_tasks
    return [find_related_module(pkg, related_name) for pkg in packages]
           ^^^^^^^^^^^^^^^^^^^^^^^^^^^^^^^^^^^^^^^^^^^^^^^^^^^^^^^^^^^^
  File "C:\Users\Ary\Documents\ejempy\autotask_backend\venv\Lib\site-packages\celery\loaders\base.py", line 246, in <listcomp>
    return [find_related_module(pkg, related_name) for pkg in packages]
            ^^^^^^^^^^^^^^^^^^^^^^^^^^^^^^^^^^^^^^
  File "C:\Users\Ary\Documents\ejempy\autotask_backend\venv\Lib\site-packages\celery\loaders\base.py", line 267, in find_related_module
    return importlib.import_module(module_name)
           ^^^^^^^^^^^^^^^^^^^^^^^^^^^^^^^^^^^^
  File "C:\Program Files\WindowsApps\PythonSoftwareFoundation.Python.3.11_3.11.2544.0_x64__qbz5n2kfra8p0\Lib\importlib\__init__.py", line 126, in import_module
    return _bootstrap._gcd_import(name[level:], package, level)
           ^^^^^^^^^^^^^^^^^^^^^^^^^^^^^^^^^^^^^^^^^^^^^^^^^^^^
  File "<frozen importlib._bootstrap>", line 1204, in _gcd_import
  File "<frozen importlib._bootstrap>", line 1176, in _find_and_load
  File "<frozen importlib._bootstrap>", line 1147, in _find_and_load_unlocked
  File "<frozen importlib._bootstrap>", line 690, in _load_unlocked
  File "<frozen importlib._bootstrap_external>", line 940, in exec_module
  File "<frozen importlib._bootstrap>", line 241, in _call_with_frames_removed
  File "C:\Users\Ary\Documents\import_git\maintech_backend\api\tasks.py", line 135, in <module>
    @receiver(post_save, sender=IncidenciaReunion)
                                ^^^^^^^^^^^^^^^^^
NameError: name 'IncidenciaReunion' is not defined
ERROR 2025-09-23 21:37:10,298 signal Signal handler <promise@0x21cfde4d8b0 --> <bound method Celery._autodiscover_tasks of <Celery autotask_backend at 0x21cfde1ebd0>>> raised: NameError("name 'IncidenciaReunion' is not defined")
Traceback (most recent call last):
  File "C:\Users\Ary\Documents\ejempy\autotask_backend\venv\Lib\site-packages\celery\utils\dispatch\signal.py", line 276, in send
    response = receiver(signal=self, sender=sender, **named)
               ^^^^^^^^^^^^^^^^^^^^^^^^^^^^^^^^^^^^^^^^^^^^^
  File "C:\Users\Ary\Documents\ejempy\autotask_backend\venv\Lib\site-packages\vine\promises.py", line 161, in __call__
    return self.throw()
           ^^^^^^^^^^^^
  File "C:\Users\Ary\Documents\ejempy\autotask_backend\venv\Lib\site-packages\vine\promises.py", line 158, in __call__
    retval = fun(*final_args, **final_kwargs)
             ^^^^^^^^^^^^^^^^^^^^^^^^^^^^^^^^
  File "C:\Users\Ary\Documents\ejempy\autotask_backend\venv\Lib\site-packages\celery\app\base.py", line 691, in _autodiscover_tasks
    return self._autodiscover_tasks_from_fixups(related_name)
           ^^^^^^^^^^^^^^^^^^^^^^^^^^^^^^^^^^^^^^^^^^^^^^^^^^
  File "C:\Users\Ary\Documents\ejempy\autotask_backend\venv\Lib\site-packages\celery\app\base.py", line 700, in _autodiscover_tasks_from_fixups
    return self._autodiscover_tasks_from_names([
           ^^^^^^^^^^^^^^^^^^^^^^^^^^^^^^^^^^^^^
  File "C:\Users\Ary\Documents\ejempy\autotask_backend\venv\Lib\site-packages\celery\app\base.py", line 695, in _autodiscover_tasks_from_names
    return self.loader.autodiscover_tasks(
           ^^^^^^^^^^^^^^^^^^^^^^^^^^^^^^^
  File "C:\Users\Ary\Documents\ejempy\autotask_backend\venv\Lib\site-packages\celery\loaders\base.py", line 220, in autodiscover_tasks
    mod.__name__ for mod in autodiscover_tasks(packages or (),
                            ^^^^^^^^^^^^^^^^^^^^^^^^^^^^^^^^^^
  File "C:\Users\Ary\Documents\ejempy\autotask_backend\venv\Lib\site-packages\celery\loaders\base.py", line 246, in autodiscover_tasks
    return [find_related_module(pkg, related_name) for pkg in packages]
           ^^^^^^^^^^^^^^^^^^^^^^^^^^^^^^^^^^^^^^^^^^^^^^^^^^^^^^^^^^^^
  File "C:\Users\Ary\Documents\ejempy\autotask_backend\venv\Lib\site-packages\celery\loaders\base.py", line 246, in <listcomp>
    return [find_related_module(pkg, related_name) for pkg in packages]
            ^^^^^^^^^^^^^^^^^^^^^^^^^^^^^^^^^^^^^^
  File "C:\Users\Ary\Documents\ejempy\autotask_backend\venv\Lib\site-packages\celery\loaders\base.py", line 267, in find_related_module
    return importlib.import_module(module_name)
           ^^^^^^^^^^^^^^^^^^^^^^^^^^^^^^^^^^^^
  File "C:\Program Files\WindowsApps\PythonSoftwareFoundation.Python.3.11_3.11.2544.0_x64__qbz5n2kfra8p0\Lib\importlib\__init__.py", line 126, in import_module
    return _bootstrap._gcd_import(name[level:], package, level)
           ^^^^^^^^^^^^^^^^^^^^^^^^^^^^^^^^^^^^^^^^^^^^^^^^^^^^
  File "<frozen importlib._bootstrap>", line 1204, in _gcd_import
  File "<frozen importlib._bootstrap>", line 1176, in _find_and_load
  File "<frozen importlib._bootstrap>", line 1147, in _find_and_load_unlocked
  File "<frozen importlib._bootstrap>", line 690, in _load_unlocked
  File "<frozen importlib._bootstrap_external>", line 940, in exec_module
  File "<frozen importlib._bootstrap>", line 241, in _call_with_frames_removed
  File "C:\Users\Ary\Documents\import_git\maintech_backend\api\tasks.py", line 135, in <module>
    @receiver(post_save, sender=IncidenciaReunion)
                                ^^^^^^^^^^^^^^^^^
NameError: name 'IncidenciaReunion' is not defined
